FILE_TYPE=LIBRARY_PARTS;
PRIMITIVE 'PS1240P02BT','PS1240P02BT_Other';
  PIN
    '2':
      PIN_NUMBER='(2)';
      NO_LOAD_CHECK=BOTH;
      NO_IO_CHECK=BOTH;
      ALLOW_CONNECT=TRUE;
      PINUSE='UNSPEC';
    '':
      PIN_NUMBER='()';
      NO_LOAD_CHECK=BOTH;
      NO_IO_CHECK=BOTH;
      ALLOW_CONNECT=TRUE;
      PINUSE='UNSPEC';
  END_PIN;
  BODY
    PART_NAME='PS1240P02BT';
    PHYS_DES_PREFIX='LS';
    NO_LOAD_CHECK='TRUE';
    PIN_COUNT='2';
    BODY_NAME='PS1240P02BT';
    JEDEC_TYPE='PS1240P02BT';
  END_BODY;
END_PRIMITIVE;
END.
