FILE_TYPE=LIBRARY_PARTS;
PRIMITIVE 'MAMK2520H2R2M','MAMK2520H2R2M_Inductors Chip';
  PIN
    '1':
      PIN_NUMBER='(1)';
      NO_LOAD_CHECK=BOTH;
      NO_IO_CHECK=BOTH;
      ALLOW_CONNECT=TRUE;
      PINUSE='UNSPEC';
    '2':
      PIN_NUMBER='(2)';
      NO_LOAD_CHECK=BOTH;
      NO_IO_CHECK=BOTH;
      ALLOW_CONNECT=TRUE;
      PINUSE='UNSPEC';
  END_PIN;
  BODY
    PART_NAME='MAMK2520H2R2M';
    PHYS_DES_PREFIX='L';
    NO_LOAD_CHECK='TRUE';
    PIN_COUNT='2';
    BODY_NAME='MAMK2520H2R2M';
    JEDEC_TYPE='INDC2520X120N';
  END_BODY;
END_PRIMITIVE;
END.
